Build started 6/24/2015 9:48:45 PM.
     1>Project "C:\GitRepo\RepoTest\QUANT_PDFs\QuantDev\QuantDev\QuantDev.vcxproj" on node 2 (Build target(s)).
     1>ClCompile:
         C:\Program Files (x86)\Microsoft Visual Studio 11.0\VC\bin\CL.exe /c /ZI /nologo /W3 /WX- /sdl /Od /Oy- /D WIN32 /D _DEBUG /D _CONSOLE /D _UNICODE /D UNICODE /Gm /EHsc /RTC1 /MDd /GS /fp:precise /Zc:wchar_t /Zc:forScope /Yc"stdafx.h" /Fp"Debug\QuantDev.pch" /Fo"Debug\\" /Fd"Debug\vc110.pdb" /Gd /TP /analyze- /errorReport:prompt stdafx.cpp
         stdafx.cpp
         C:\Program Files (x86)\Microsoft Visual Studio 11.0\VC\bin\CL.exe /c /ZI /nologo /W3 /WX- /sdl /Od /Oy- /D WIN32 /D _DEBUG /D _CONSOLE /D _UNICODE /D UNICODE /Gm /EHsc /RTC1 /MDd /GS /fp:precise /Zc:wchar_t /Zc:forScope /Yu"stdafx.h" /Fp"Debug\QuantDev.pch" /Fo"Debug\\" /Fd"Debug\vc110.pdb" /Gd /TP /analyze- /errorReport:prompt PayOff1.cpp Random1.cpp SimpleMC.cpp SimpleMCMain1.cpp SimpleMCMain2.cpp
         SimpleMCMain2.cpp
         SimpleMCMain1.cpp
         SimpleMC.cpp
         Random1.cpp
         PayOff1.cpp
         Generating Code...
       Link:
         C:\Program Files (x86)\Microsoft Visual Studio 11.0\VC\bin\link.exe /ERRORREPORT:PROMPT /OUT:"C:\GitRepo\RepoTest\QUANT_PDFs\QuantDev\Debug\QuantDev.exe" /INCREMENTAL /NOLOGO kernel32.lib user32.lib gdi32.lib winspool.lib comdlg32.lib advapi32.lib shell32.lib ole32.lib oleaut32.lib uuid.lib odbc32.lib odbccp32.lib /MANIFEST /MANIFESTUAC:"level='asInvoker' uiAccess='false'" /manifest:embed /DEBUG /PDB:"C:\GitRepo\RepoTest\QUANT_PDFs\QuantDev\Debug\QuantDev.pdb" /SUBSYSTEM:CONSOLE /TLBID:1 /DYNAMICBASE /NXCOMPAT /IMPLIB:"C:\GitRepo\RepoTest\QUANT_PDFs\QuantDev\Debug\QuantDev.lib" /MACHINE:X86 Debug\PayOff1.obj
         Debug\Random1.obj
         Debug\SimpleMC.obj
         Debug\SimpleMCMain1.obj
         Debug\SimpleMCMain2.obj
         Debug\stdafx.obj
         QuantDev.vcxproj -> C:\GitRepo\RepoTest\QUANT_PDFs\QuantDev\Debug\QuantDev.exe
     1>Done Building Project "C:\GitRepo\RepoTest\QUANT_PDFs\QuantDev\QuantDev\QuantDev.vcxproj" (Build target(s)).

Build succeeded.

Time Elapsed 00:00:02.80
