C:\SVN\ACCOUNTATGLANCE\QUANTDEV\QUANTDEV\DEBUG\QUANTDEV.PCH
C:\SVN\ACCOUNTATGLANCE\QUANTDEV\QUANTDEV\DEBUG\STDAFX.OBJ
C:\SVN\ACCOUNTATGLANCE\QUANTDEV\QUANTDEV\DEBUG\VC110.PDB
C:\SVN\ACCOUNTATGLANCE\QUANTDEV\QUANTDEV\DEBUG\SIMPLEMCMAIN1.OBJ
C:\SVN\ACCOUNTATGLANCE\QUANTDEV\QUANTDEV\DEBUG\RANDOM1.OBJ
C:\SVN\ACCOUNTATGLANCE\QUANTDEV\QUANTDEV\DEBUG\PAYOFF1.OBJ
C:\SVN\ACCOUNTATGLANCE\QUANTDEV\QUANTDEV\DEBUG\SIMPLEMC.OBJ
C:\SVN\ACCOUNTATGLANCE\QUANTDEV\DEBUG\QUANTDEV.ILK
C:\SVN\ACCOUNTATGLANCE\QUANTDEV\DEBUG\QUANTDEV.EXE
C:\SVN\ACCOUNTATGLANCE\QUANTDEV\DEBUG\QUANTDEV.PDB
C:\SVN\AccountAtGlance\QuantDev\QuantDev\Debug\PayOff1.obj
C:\SVN\AccountAtGlance\QuantDev\QuantDev\Debug\Random1.obj
C:\SVN\AccountAtGlance\QuantDev\QuantDev\Debug\SimpleMC.obj
C:\SVN\AccountAtGlance\QuantDev\QuantDev\Debug\SimpleMCMain1.obj
C:\SVN\AccountAtGlance\QuantDev\QuantDev\Debug\stdafx.obj
C:\SVN\AccountAtGlance\QuantDev\QuantDev\Debug\cl.command.1.tlog
C:\SVN\AccountAtGlance\QuantDev\QuantDev\Debug\CL.read.1.tlog
C:\SVN\AccountAtGlance\QuantDev\QuantDev\Debug\CL.write.1.tlog
C:\SVN\AccountAtGlance\QuantDev\QuantDev\Debug\link-cvtres.read.1.tlog
C:\SVN\AccountAtGlance\QuantDev\QuantDev\Debug\link-cvtres.write.1.tlog
C:\SVN\AccountAtGlance\QuantDev\QuantDev\Debug\link-rc.read.1.tlog
C:\SVN\AccountAtGlance\QuantDev\QuantDev\Debug\link-rc.write.1.tlog
C:\SVN\AccountAtGlance\QuantDev\QuantDev\Debug\link.5392-cvtres.read.1.tlog
C:\SVN\AccountAtGlance\QuantDev\QuantDev\Debug\link.5392-cvtres.write.1.tlog
C:\SVN\AccountAtGlance\QuantDev\QuantDev\Debug\link.5392-rc.read.1.tlog
C:\SVN\AccountAtGlance\QuantDev\QuantDev\Debug\link.5392-rc.write.1.tlog
C:\SVN\AccountAtGlance\QuantDev\QuantDev\Debug\link.5392.read.1.tlog
C:\SVN\AccountAtGlance\QuantDev\QuantDev\Debug\link.5392.write.1.tlog
C:\SVN\AccountAtGlance\QuantDev\QuantDev\Debug\link.7288-cvtres.read.1.tlog
C:\SVN\AccountAtGlance\QuantDev\QuantDev\Debug\link.7288-cvtres.write.1.tlog
C:\SVN\AccountAtGlance\QuantDev\QuantDev\Debug\link.7288-rc.read.1.tlog
C:\SVN\AccountAtGlance\QuantDev\QuantDev\Debug\link.7288-rc.write.1.tlog
C:\SVN\AccountAtGlance\QuantDev\QuantDev\Debug\link.7288.read.1.tlog
C:\SVN\AccountAtGlance\QuantDev\QuantDev\Debug\link.7288.write.1.tlog
C:\SVN\AccountAtGlance\QuantDev\QuantDev\Debug\link.command.1.tlog
C:\SVN\AccountAtGlance\QuantDev\QuantDev\Debug\link.read.1.tlog
C:\SVN\AccountAtGlance\QuantDev\QuantDev\Debug\link.write.1.tlog
C:\SVN\AccountAtGlance\QuantDev\QuantDev\Debug\QuantDev.pch
C:\SVN\AccountAtGlance\QuantDev\QuantDev\Debug\vc110.idb
C:\SVN\AccountAtGlance\QuantDev\QuantDev\Debug\vc110.pdb
C:\SVN\AccountAtGlance\QuantDev\Debug\QuantDev.pdb
C:\SVN\AccountAtGlance\QuantDev\Debug\QuantDev.exe
C:\SVN\AccountAtGlance\QuantDev\Debug\QuantDev.ilk
